This is pdfTeX, Version 3.14159265-2.6-1.40.19 (TeX Live 2018/NixOS.org) (preloaded format=pdflatex 2019.6.25)  18 JUL 2019 11:17
entering extended mode
 restricted \write18 enabled.
 %&-line parsing enabled.
**main.tex
(./main.tex
LaTeX2e <2018-12-01>

(/nix/store/3c3fg8wd0da08xmijl45zj99h62b6rga-texlive-combined-full-2018/share/t
exmf/tex/latex/base/article.cls
Document Class: article 2018/09/03 v1.4i Standard LaTeX document class

(/nix/store/3c3fg8wd0da08xmijl45zj99h62b6rga-texlive-combined-full-2018/share/t
exmf/tex/latex/base/size10.clo
File: size10.clo 2018/09/03 v1.4i Standard LaTeX file (size option)
)
\c@part=\count80
\c@section=\count81
\c@subsection=\count82
\c@subsubsection=\count83
\c@paragraph=\count84
\c@subparagraph=\count85
\c@figure=\count86
\c@table=\count87
\abovecaptionskip=\skip41
\belowcaptionskip=\skip42
\bibindent=\dimen102
)
(/nix/store/3c3fg8wd0da08xmijl45zj99h62b6rga-texlive-combined-full-2018/share/t
exmf/tex/latex/base/inputenc.sty
Package: inputenc 2018/08/11 v1.3c Input encoding file
\inpenc@prehook=\toks14
\inpenc@posthook=\toks15
)
(/nix/store/3c3fg8wd0da08xmijl45zj99h62b6rga-texlive-combined-full-2018/share/t
exmf/tex/latex/xifthen/xifthen.sty
Package: xifthen 2015/11/05 v1.4.0 Extended ifthen features

(/nix/store/3c3fg8wd0da08xmijl45zj99h62b6rga-texlive-combined-full-2018/share/t
exmf/tex/latex/tools/calc.sty
Package: calc 2017/05/25 v4.3 Infix arithmetic (KKT,FJ)
\calc@Acount=\count88
\calc@Bcount=\count89
\calc@Adimen=\dimen103
\calc@Bdimen=\dimen104
\calc@Askip=\skip43
\calc@Bskip=\skip44
LaTeX Info: Redefining \setlength on input line 80.
LaTeX Info: Redefining \addtolength on input line 81.
\calc@Ccount=\count90
\calc@Cskip=\skip45
)
(/nix/store/3c3fg8wd0da08xmijl45zj99h62b6rga-texlive-combined-full-2018/share/t
exmf/tex/latex/base/ifthen.sty
Package: ifthen 2014/09/29 v1.1c Standard LaTeX ifthen package (DPC)
)
(/nix/store/3c3fg8wd0da08xmijl45zj99h62b6rga-texlive-combined-full-2018/share/t
exmf/tex/latex/ifmtarg/ifmtarg.sty
Package: ifmtarg 2018/04/16 v1.2b check for an empty argument
))
(/nix/store/3c3fg8wd0da08xmijl45zj99h62b6rga-texlive-combined-full-2018/share/t
exmf/tex/latex/gillius/gillius.sty
Package: gillius 2013/11/03 (Bob Tennent) Supports Gillius fonts for all LaTeX 
engines.

(/nix/store/3c3fg8wd0da08xmijl45zj99h62b6rga-texlive-combined-full-2018/share/t
exmf/tex/generic/ifxetex/ifxetex.sty
Package: ifxetex 2010/09/12 v0.6 Provides ifxetex conditional
)
(/nix/store/3c3fg8wd0da08xmijl45zj99h62b6rga-texlive-combined-full-2018/share/t
exmf/tex/generic/oberdiek/ifluatex.sty
Package: ifluatex 2016/05/16 v1.4 Provides the ifluatex switch (HO)
Package ifluatex Info: LuaTeX not detected.
)
(/nix/store/3c3fg8wd0da08xmijl45zj99h62b6rga-texlive-combined-full-2018/share/t
exmf/tex/latex/xkeyval/xkeyval.sty
Package: xkeyval 2014/12/03 v2.7a package option processing (HA)

(/nix/store/3c3fg8wd0da08xmijl45zj99h62b6rga-texlive-combined-full-2018/share/t
exmf/tex/generic/xkeyval/xkeyval.tex
(/nix/store/3c3fg8wd0da08xmijl45zj99h62b6rga-texlive-combined-full-2018/share/t
exmf/tex/generic/xkeyval/xkvutils.tex
\XKV@toks=\toks16
\XKV@tempa@toks=\toks17

(/nix/store/3c3fg8wd0da08xmijl45zj99h62b6rga-texlive-combined-full-2018/share/t
exmf/tex/generic/xkeyval/keyval.tex))
\XKV@depth=\count91
File: xkeyval.tex 2014/12/03 v2.7a key=value parser (HA)
))
(/nix/store/3c3fg8wd0da08xmijl45zj99h62b6rga-texlive-combined-full-2018/share/t
exmf/tex/latex/base/textcomp.sty
Package: textcomp 2018/08/11 v2.0j Standard LaTeX package
Package textcomp Info: Sub-encoding information:
(textcomp)               5 = only ISO-Adobe without \textcurrency
(textcomp)               4 = 5 + \texteuro
(textcomp)               3 = 4 + \textohm
(textcomp)               2 = 3 + \textestimated + \textcurrency
(textcomp)               1 = TS1 - \textcircled - \t
(textcomp)               0 = TS1 (full)
(textcomp)             Font families with sub-encoding setting implement
(textcomp)             only a restricted character set as indicated.
(textcomp)             Family '?' is the default used for unknown fonts.
(textcomp)             See the documentation for details.
Package textcomp Info: Setting ? sub-encoding to TS1/1 on input line 79.

(/nix/store/3c3fg8wd0da08xmijl45zj99h62b6rga-texlive-combined-full-2018/share/t
exmf/tex/latex/base/ts1enc.def
File: ts1enc.def 2001/06/05 v3.0e (jk/car/fm) Standard LaTeX file
Now handling font encoding TS1 ...
... processing UTF-8 mapping file for font encoding TS1

(/nix/store/3c3fg8wd0da08xmijl45zj99h62b6rga-texlive-combined-full-2018/share/t
exmf/tex/latex/base/ts1enc.dfu
File: ts1enc.dfu 2018/10/05 v1.2f UTF-8 support for inputenc
   defining Unicode char U+00A2 (decimal 162)
   defining Unicode char U+00A3 (decimal 163)
   defining Unicode char U+00A4 (decimal 164)
   defining Unicode char U+00A5 (decimal 165)
   defining Unicode char U+00A6 (decimal 166)
   defining Unicode char U+00A7 (decimal 167)
   defining Unicode char U+00A8 (decimal 168)
   defining Unicode char U+00A9 (decimal 169)
   defining Unicode char U+00AA (decimal 170)
   defining Unicode char U+00AC (decimal 172)
   defining Unicode char U+00AE (decimal 174)
   defining Unicode char U+00AF (decimal 175)
   defining Unicode char U+00B0 (decimal 176)
   defining Unicode char U+00B1 (decimal 177)
   defining Unicode char U+00B2 (decimal 178)
   defining Unicode char U+00B3 (decimal 179)
   defining Unicode char U+00B4 (decimal 180)
   defining Unicode char U+00B5 (decimal 181)
   defining Unicode char U+00B6 (decimal 182)
   defining Unicode char U+00B7 (decimal 183)
   defining Unicode char U+00B9 (decimal 185)
   defining Unicode char U+00BA (decimal 186)
   defining Unicode char U+00BC (decimal 188)
   defining Unicode char U+00BD (decimal 189)
   defining Unicode char U+00BE (decimal 190)
   defining Unicode char U+00D7 (decimal 215)
   defining Unicode char U+00F7 (decimal 247)
   defining Unicode char U+0192 (decimal 402)
   defining Unicode char U+02C7 (decimal 711)
   defining Unicode char U+02D8 (decimal 728)
   defining Unicode char U+02DD (decimal 733)
   defining Unicode char U+0E3F (decimal 3647)
   defining Unicode char U+2016 (decimal 8214)
   defining Unicode char U+2020 (decimal 8224)
   defining Unicode char U+2021 (decimal 8225)
   defining Unicode char U+2022 (decimal 8226)
   defining Unicode char U+2030 (decimal 8240)
   defining Unicode char U+2031 (decimal 8241)
   defining Unicode char U+203B (decimal 8251)
   defining Unicode char U+203D (decimal 8253)
   defining Unicode char U+2044 (decimal 8260)
   defining Unicode char U+204E (decimal 8270)
   defining Unicode char U+2052 (decimal 8274)
   defining Unicode char U+20A1 (decimal 8353)
   defining Unicode char U+20A4 (decimal 8356)
   defining Unicode char U+20A6 (decimal 8358)
   defining Unicode char U+20A9 (decimal 8361)
   defining Unicode char U+20AB (decimal 8363)
   defining Unicode char U+20AC (decimal 8364)
   defining Unicode char U+20B1 (decimal 8369)
   defining Unicode char U+2103 (decimal 8451)
   defining Unicode char U+2116 (decimal 8470)
   defining Unicode char U+2117 (decimal 8471)
   defining Unicode char U+211E (decimal 8478)
   defining Unicode char U+2120 (decimal 8480)
   defining Unicode char U+2122 (decimal 8482)
   defining Unicode char U+2126 (decimal 8486)
   defining Unicode char U+2127 (decimal 8487)
   defining Unicode char U+212E (decimal 8494)
   defining Unicode char U+2190 (decimal 8592)
   defining Unicode char U+2191 (decimal 8593)
   defining Unicode char U+2192 (decimal 8594)
   defining Unicode char U+2193 (decimal 8595)
   defining Unicode char U+2329 (decimal 9001)
   defining Unicode char U+232A (decimal 9002)
   defining Unicode char U+2422 (decimal 9250)
   defining Unicode char U+25E6 (decimal 9702)
   defining Unicode char U+25EF (decimal 9711)
   defining Unicode char U+266A (decimal 9834)
   defining Unicode char U+FEFF (decimal 65279)
))
LaTeX Info: Redefining \oldstylenums on input line 334.
Package textcomp Info: Setting cmr sub-encoding to TS1/0 on input line 349.
Package textcomp Info: Setting cmss sub-encoding to TS1/0 on input line 350.
Package textcomp Info: Setting cmtt sub-encoding to TS1/0 on input line 351.
Package textcomp Info: Setting cmvtt sub-encoding to TS1/0 on input line 352.
Package textcomp Info: Setting cmbr sub-encoding to TS1/0 on input line 353.
Package textcomp Info: Setting cmtl sub-encoding to TS1/0 on input line 354.
Package textcomp Info: Setting ccr sub-encoding to TS1/0 on input line 355.
Package textcomp Info: Setting ptm sub-encoding to TS1/4 on input line 356.
Package textcomp Info: Setting pcr sub-encoding to TS1/4 on input line 357.
Package textcomp Info: Setting phv sub-encoding to TS1/4 on input line 358.
Package textcomp Info: Setting ppl sub-encoding to TS1/3 on input line 359.
Package textcomp Info: Setting pag sub-encoding to TS1/4 on input line 360.
Package textcomp Info: Setting pbk sub-encoding to TS1/4 on input line 361.
Package textcomp Info: Setting pnc sub-encoding to TS1/4 on input line 362.
Package textcomp Info: Setting pzc sub-encoding to TS1/4 on input line 363.
Package textcomp Info: Setting bch sub-encoding to TS1/4 on input line 364.
Package textcomp Info: Setting put sub-encoding to TS1/5 on input line 365.
Package textcomp Info: Setting uag sub-encoding to TS1/5 on input line 366.
Package textcomp Info: Setting ugq sub-encoding to TS1/5 on input line 367.
Package textcomp Info: Setting ul8 sub-encoding to TS1/4 on input line 368.
Package textcomp Info: Setting ul9 sub-encoding to TS1/4 on input line 369.
Package textcomp Info: Setting augie sub-encoding to TS1/5 on input line 370.
Package textcomp Info: Setting dayrom sub-encoding to TS1/3 on input line 371.
Package textcomp Info: Setting dayroms sub-encoding to TS1/3 on input line 372.

Package textcomp Info: Setting pxr sub-encoding to TS1/0 on input line 373.
Package textcomp Info: Setting pxss sub-encoding to TS1/0 on input line 374.
Package textcomp Info: Setting pxtt sub-encoding to TS1/0 on input line 375.
Package textcomp Info: Setting txr sub-encoding to TS1/0 on input line 376.
Package textcomp Info: Setting txss sub-encoding to TS1/0 on input line 377.
Package textcomp Info: Setting txtt sub-encoding to TS1/0 on input line 378.
Package textcomp Info: Setting lmr sub-encoding to TS1/0 on input line 379.
Package textcomp Info: Setting lmdh sub-encoding to TS1/0 on input line 380.
Package textcomp Info: Setting lmss sub-encoding to TS1/0 on input line 381.
Package textcomp Info: Setting lmssq sub-encoding to TS1/0 on input line 382.
Package textcomp Info: Setting lmvtt sub-encoding to TS1/0 on input line 383.
Package textcomp Info: Setting lmtt sub-encoding to TS1/0 on input line 384.
Package textcomp Info: Setting qhv sub-encoding to TS1/0 on input line 385.
Package textcomp Info: Setting qag sub-encoding to TS1/0 on input line 386.
Package textcomp Info: Setting qbk sub-encoding to TS1/0 on input line 387.
Package textcomp Info: Setting qcr sub-encoding to TS1/0 on input line 388.
Package textcomp Info: Setting qcs sub-encoding to TS1/0 on input line 389.
Package textcomp Info: Setting qpl sub-encoding to TS1/0 on input line 390.
Package textcomp Info: Setting qtm sub-encoding to TS1/0 on input line 391.
Package textcomp Info: Setting qzc sub-encoding to TS1/0 on input line 392.
Package textcomp Info: Setting qhvc sub-encoding to TS1/0 on input line 393.
Package textcomp Info: Setting futs sub-encoding to TS1/4 on input line 394.
Package textcomp Info: Setting futx sub-encoding to TS1/4 on input line 395.
Package textcomp Info: Setting futj sub-encoding to TS1/4 on input line 396.
Package textcomp Info: Setting hlh sub-encoding to TS1/3 on input line 397.
Package textcomp Info: Setting hls sub-encoding to TS1/3 on input line 398.
Package textcomp Info: Setting hlst sub-encoding to TS1/3 on input line 399.
Package textcomp Info: Setting hlct sub-encoding to TS1/5 on input line 400.
Package textcomp Info: Setting hlx sub-encoding to TS1/5 on input line 401.
Package textcomp Info: Setting hlce sub-encoding to TS1/5 on input line 402.
Package textcomp Info: Setting hlcn sub-encoding to TS1/5 on input line 403.
Package textcomp Info: Setting hlcw sub-encoding to TS1/5 on input line 404.
Package textcomp Info: Setting hlcf sub-encoding to TS1/5 on input line 405.
Package textcomp Info: Setting pplx sub-encoding to TS1/3 on input line 406.
Package textcomp Info: Setting pplj sub-encoding to TS1/3 on input line 407.
Package textcomp Info: Setting ptmx sub-encoding to TS1/4 on input line 408.
Package textcomp Info: Setting ptmj sub-encoding to TS1/4 on input line 409.
)
(/nix/store/3c3fg8wd0da08xmijl45zj99h62b6rga-texlive-combined-full-2018/share/t
exmf/tex/latex/base/fontenc.sty
Package: fontenc 2018/08/11 v2.0j Standard LaTeX package
)
(/nix/store/3c3fg8wd0da08xmijl45zj99h62b6rga-texlive-combined-full-2018/share/t
exmf/tex/latex/fontaxes/fontaxes.sty
Package: fontaxes 2014/03/23 v1.0d Font selection axes
LaTeX Info: Redefining \upshape on input line 29.
LaTeX Info: Redefining \itshape on input line 31.
LaTeX Info: Redefining \slshape on input line 33.
LaTeX Info: Redefining \scshape on input line 37.
))
(/nix/store/3c3fg8wd0da08xmijl45zj99h62b6rga-texlive-combined-full-2018/share/t
exmf/tex/latex/base/fontenc.sty
Package: fontenc 2018/08/11 v2.0j Standard LaTeX package

(/nix/store/3c3fg8wd0da08xmijl45zj99h62b6rga-texlive-combined-full-2018/share/t
exmf/tex/latex/base/t1enc.def
File: t1enc.def 2018/08/11 v2.0j Standard LaTeX file
LaTeX Font Info:    Redeclaring font encoding T1 on input line 48.
))
(/nix/store/3c3fg8wd0da08xmijl45zj99h62b6rga-texlive-combined-full-2018/share/t
exmf/tex/latex/moresize/moresize.sty
Package: moresize 1999/07/26 v1.9 (more font sizes)
)
(/nix/store/3c3fg8wd0da08xmijl45zj99h62b6rga-texlive-combined-full-2018/share/t
exmf/tex/latex/fontawesome5/fontawesome5.sty
(/nix/store/3c3fg8wd0da08xmijl45zj99h62b6rga-texlive-combined-full-2018/share/t
exmf/tex/latex/l3kernel/expl3.sty
Package: expl3 2019-02-15 L3 programming layer (loader) 

(/nix/store/3c3fg8wd0da08xmijl45zj99h62b6rga-texlive-combined-full-2018/share/t
exmf/tex/latex/l3kernel/expl3-code.tex
Package: expl3 2019-02-15 L3 programming layer (code)
\c_max_int=\count92
\l_tmpa_int=\count93
\l_tmpb_int=\count94
\g_tmpa_int=\count95
\g_tmpb_int=\count96
\g__kernel_prg_map_int=\count97
\c_log_iow=\count98
\l_iow_line_count_int=\count99
\l__iow_line_target_int=\count100
\l__iow_one_indent_int=\count101
\l__iow_indent_int=\count102
\c_zero_dim=\dimen105
\c_max_dim=\dimen106
\l_tmpa_dim=\dimen107
\l_tmpb_dim=\dimen108
\g_tmpa_dim=\dimen109
\g_tmpb_dim=\dimen110
\c_zero_skip=\skip46
\c_max_skip=\skip47
\l_tmpa_skip=\skip48
\l_tmpb_skip=\skip49
\g_tmpa_skip=\skip50
\g_tmpb_skip=\skip51
\c_zero_muskip=\muskip10
\c_max_muskip=\muskip11
\l_tmpa_muskip=\muskip12
\l_tmpb_muskip=\muskip13
\g_tmpa_muskip=\muskip14
\g_tmpb_muskip=\muskip15
\l_keys_choice_int=\count103
\l__intarray_loop_int=\count104
\c__intarray_sp_dim=\dimen111
\g__intarray_font_int=\count105
\c__fp_leading_shift_int=\count106
\c__fp_middle_shift_int=\count107
\c__fp_trailing_shift_int=\count108
\c__fp_big_leading_shift_int=\count109
\c__fp_big_middle_shift_int=\count110
\c__fp_big_trailing_shift_int=\count111
\c__fp_Bigg_leading_shift_int=\count112
\c__fp_Bigg_middle_shift_int=\count113
\c__fp_Bigg_trailing_shift_int=\count114
\c__kernel_randint_max_int=\count115
\g__fp_array_int=\count116
\l__fp_array_loop_int=\count117
\l__sort_length_int=\count118
\l__sort_min_int=\count119
\l__sort_top_int=\count120
\l__sort_max_int=\count121
\l__sort_true_max_int=\count122
\l__sort_block_int=\count123
\l__sort_begin_int=\count124
\l__sort_end_int=\count125
\l__sort_A_int=\count126
\l__sort_B_int=\count127
\l__sort_C_int=\count128
\l__tl_analysis_normal_int=\count129
\l__tl_analysis_index_int=\count130
\l__tl_analysis_nesting_int=\count131
\l__tl_analysis_type_int=\count132
\l__regex_internal_a_int=\count133
\l__regex_internal_b_int=\count134
\l__regex_internal_c_int=\count135
\l__regex_balance_int=\count136
\l__regex_group_level_int=\count137
\l__regex_mode_int=\count138
\c__regex_cs_in_class_mode_int=\count139
\c__regex_cs_mode_int=\count140
\l__regex_catcodes_int=\count141
\l__regex_default_catcodes_int=\count142
\c__regex_catcode_D_int=\count143
\c__regex_catcode_S_int=\count144
\c__regex_catcode_L_int=\count145
\c__regex_catcode_O_int=\count146
\c__regex_catcode_A_int=\count147
\c__regex_all_catcodes_int=\count148
\l__regex_show_lines_int=\count149
\l__regex_min_state_int=\count150
\l__regex_max_state_int=\count151
\l__regex_left_state_int=\count152
\l__regex_right_state_int=\count153
\l__regex_capturing_group_int=\count154
\l__regex_min_pos_int=\count155
\l__regex_max_pos_int=\count156
\l__regex_curr_pos_int=\count157
\l__regex_start_pos_int=\count158
\l__regex_success_pos_int=\count159
\l__regex_curr_char_int=\count160
\l__regex_curr_catcode_int=\count161
\l__regex_last_char_int=\count162
\l__regex_case_changed_char_int=\count163
\l__regex_curr_state_int=\count164
\l__regex_step_int=\count165
\l__regex_min_active_int=\count166
\l__regex_max_active_int=\count167
\l__regex_replacement_csnames_int=\count168
\l__regex_match_count_int=\count169
\l__regex_min_submatch_int=\count170
\l__regex_submatch_int=\count171
\l__regex_zeroth_submatch_int=\count172
\g__regex_trace_regex_int=\count173
\c_empty_box=\box27
\l_tmpa_box=\box28
\l_tmpb_box=\box29
\g_tmpa_box=\box30
\g_tmpb_box=\box31
\l__box_top_dim=\dimen112
\l__box_bottom_dim=\dimen113
\l__box_left_dim=\dimen114
\l__box_right_dim=\dimen115
\l__box_top_new_dim=\dimen116
\l__box_bottom_new_dim=\dimen117
\l__box_left_new_dim=\dimen118
\l__box_right_new_dim=\dimen119
\l__box_internal_box=\box32
\l__coffin_internal_box=\box33
\l__coffin_internal_dim=\dimen120
\l__coffin_offset_x_dim=\dimen121
\l__coffin_offset_y_dim=\dimen122
\l__coffin_x_dim=\dimen123
\l__coffin_y_dim=\dimen124
\l__coffin_x_prime_dim=\dimen125
\l__coffin_y_prime_dim=\dimen126
\c_empty_coffin=\box34
\l__coffin_aligned_coffin=\box35
\l__coffin_aligned_internal_coffin=\box36
\l_tmpa_coffin=\box37
\l_tmpb_coffin=\box38
\g_tmpa_coffin=\box39
\g_tmpb_coffin=\box40
\c__coffin_empty_coffin=\box41
\l__coffin_display_coffin=\box42
\l__coffin_display_coord_coffin=\box43
\l__coffin_display_pole_coffin=\box44
\l__coffin_display_offset_dim=\dimen127
\l__coffin_display_x_dim=\dimen128
\l__coffin_display_y_dim=\dimen129
\g__file_internal_ior=\read1
\l__coffin_bounding_shift_dim=\dimen130
\l__coffin_left_corner_dim=\dimen131
\l__coffin_right_corner_dim=\dimen132
\l__coffin_bottom_corner_dim=\dimen133
\l__coffin_top_corner_dim=\dimen134
\l__coffin_scaled_total_height_dim=\dimen135
\l__coffin_scaled_width_dim=\dimen136
\l__seq_internal_a_int=\count174
\l__seq_internal_b_int=\count175
)
(/nix/store/3c3fg8wd0da08xmijl45zj99h62b6rga-texlive-combined-full-2018/share/t
exmf/tex/latex/l3kernel/l3pdfmode.def
File: l3pdfmode.def 2019-02-15 v L3 Experimental driver: PDF mode
\l__driver_color_stack_int=\count176
))
Package: fontawesome5 2019/01/28 v5.7.0 Font Awesome 5

(/nix/store/3c3fg8wd0da08xmijl45zj99h62b6rga-texlive-combined-full-2018/share/t
exmf/tex/latex/l3packages/l3keys2e/l3keys2e.sty
Package: l3keys2e 2018-10-17 LaTeX2e option processing using LaTeX3 keys
)
(/nix/store/3c3fg8wd0da08xmijl45zj99h62b6rga-texlive-combined-full-2018/share/t
exmf/tex/latex/l3packages/xparse/xparse.sty
Package: xparse 2018-10-17 L3 Experimental document command parser
\l__xparse_current_arg_int=\count177
\g__xparse_grabber_int=\count178
\l__xparse_m_args_int=\count179
\l__xparse_mandatory_args_int=\count180
\l__xparse_v_nesting_int=\count181
)
(/nix/store/3c3fg8wd0da08xmijl45zj99h62b6rga-texlive-combined-full-2018/share/t
exmf/tex/latex/fontawesome5/fontawesome5-generic-helper.sty
Package: fontawesome5-generic-helper 2019/01/28 v5.7.0 non-uTeX helper for font
awesome5

(/nix/store/3c3fg8wd0da08xmijl45zj99h62b6rga-texlive-combined-full-2018/share/t
exmf/tex/latex/fontawesome5/fontawesome5-mapping.def)))
(/nix/store/3c3fg8wd0da08xmijl45zj99h62b6rga-texlive-combined-full-2018/share/t
exmf/tex/latex/geometry/geometry.sty
Package: geometry 2018/04/16 v5.8 Page Geometry

(/nix/store/3c3fg8wd0da08xmijl45zj99h62b6rga-texlive-combined-full-2018/share/t
exmf/tex/generic/oberdiek/ifpdf.sty
Package: ifpdf 2018/09/07 v3.3 Provides the ifpdf switch
)
(/nix/store/3c3fg8wd0da08xmijl45zj99h62b6rga-texlive-combined-full-2018/share/t
exmf/tex/generic/oberdiek/ifvtex.sty
Package: ifvtex 2016/05/16 v1.6 Detect VTeX and its facilities (HO)
Package ifvtex Info: VTeX not detected.
)
\Gm@cnth=\count182
\Gm@cntv=\count183
\c@Gm@tempcnt=\count184
\Gm@bindingoffset=\dimen137
\Gm@wd@mp=\dimen138
\Gm@odd@mp=\dimen139
\Gm@even@mp=\dimen140
\Gm@layoutwidth=\dimen141
\Gm@layoutheight=\dimen142
\Gm@layouthoffset=\dimen143
\Gm@layoutvoffset=\dimen144
\Gm@dimlist=\toks18
)
(/nix/store/3c3fg8wd0da08xmijl45zj99h62b6rga-texlive-combined-full-2018/share/t
exmf/tex/latex/tools/multicol.sty
Package: multicol 2018/12/27 v1.8v multicolumn formatting (FMi)
\c@tracingmulticols=\count185
\mult@box=\box45
\multicol@leftmargin=\dimen145
\c@unbalance=\count186
\c@collectmore=\count187
\doublecol@number=\count188
\multicoltolerance=\count189
\multicolpretolerance=\count190
\full@width=\dimen146
\page@free=\dimen147
\premulticols=\dimen148
\postmulticols=\dimen149
\multicolsep=\skip52
\multicolbaselineskip=\skip53
\partial@page=\box46
\last@line=\box47
\maxbalancingoverflow=\dimen150
\mult@rightbox=\box48
\mult@grightbox=\box49
\mult@gfirstbox=\box50
\mult@firstbox=\box51
\@tempa=\box52
\@tempa=\box53
\@tempa=\box54
\@tempa=\box55
\@tempa=\box56
\@tempa=\box57
\@tempa=\box58
\@tempa=\box59
\@tempa=\box60
\@tempa=\box61
\@tempa=\box62
\@tempa=\box63
\@tempa=\box64
\@tempa=\box65
\@tempa=\box66
\@tempa=\box67
\@tempa=\box68
\c@columnbadness=\count191
\c@finalcolumnbadness=\count192
\last@try=\dimen151
\multicolovershoot=\dimen152
\multicolundershoot=\dimen153
\mult@nat@firstbox=\box69
\colbreak@box=\box70
\mc@col@check@num=\count193
)
(/nix/store/3c3fg8wd0da08xmijl45zj99h62b6rga-texlive-combined-full-2018/share/t
exmf/tex/latex/multirow/multirow.sty
Package: multirow 2019/01/01 v2.4 Span multiple rows of a table
\multirow@colwidth=\skip54
\multirow@cntb=\count194
\multirow@dima=\skip55
\bigstrutjot=\dimen154
)
(/nix/store/3c3fg8wd0da08xmijl45zj99h62b6rga-texlive-combined-full-2018/share/t
exmf/tex/latex/tools/array.sty
Package: array 2018/12/30 v2.4k Tabular extension package (FMi)
\col@sep=\dimen155
\ar@mcellbox=\box71
\extrarowheight=\dimen156
\NC@list=\toks19
\extratabsurround=\skip56
\backup@length=\skip57
\ar@cellbox=\box72
)
(/nix/store/3c3fg8wd0da08xmijl45zj99h62b6rga-texlive-combined-full-2018/share/t
exmf/tex/latex/graphics/graphicx.sty
Package: graphicx 2017/06/01 v1.1a Enhanced LaTeX Graphics (DPC,SPQR)

(/nix/store/3c3fg8wd0da08xmijl45zj99h62b6rga-texlive-combined-full-2018/share/t
exmf/tex/latex/graphics/graphics.sty
Package: graphics 2017/06/25 v1.2c Standard LaTeX Graphics (DPC,SPQR)

(/nix/store/3c3fg8wd0da08xmijl45zj99h62b6rga-texlive-combined-full-2018/share/t
exmf/tex/latex/graphics/trig.sty
Package: trig 2016/01/03 v1.10 sin cos tan (DPC)
)
(/nix/store/3c3fg8wd0da08xmijl45zj99h62b6rga-texlive-combined-full-2018/share/t
exmf/tex/latex/graphics-cfg/graphics.cfg
File: graphics.cfg 2016/06/04 v1.11 sample graphics configuration
)
Package graphics Info: Driver file: pdftex.def on input line 99.

(/nix/store/3c3fg8wd0da08xmijl45zj99h62b6rga-texlive-combined-full-2018/share/t
exmf/tex/latex/graphics-def/pdftex.def
File: pdftex.def 2018/01/08 v1.0l Graphics/color driver for pdftex
))
\Gin@req@height=\dimen157
\Gin@req@width=\dimen158
)
(/nix/store/3c3fg8wd0da08xmijl45zj99h62b6rga-texlive-combined-full-2018/share/t
exmf/tex/latex/wrapfig/wrapfig.sty
\wrapoverhang=\dimen159
\WF@size=\dimen160
\c@WF@wrappedlines=\count195
\WF@box=\box73
\WF@everypar=\toks20
Package: wrapfig 2003/01/31  v 3.6
)
(/nix/store/3c3fg8wd0da08xmijl45zj99h62b6rga-texlive-combined-full-2018/share/t
exmf/tex/latex/float/float.sty
Package: float 2001/11/08 v1.3d Float enhancements (AL)
\c@float@type=\count196
\float@exts=\toks21
\float@box=\box74
\@float@everytoks=\toks22
\@floatcapt=\box75
)
(/nix/store/3c3fg8wd0da08xmijl45zj99h62b6rga-texlive-combined-full-2018/share/t
exmf/tex/latex/pgf/frontendlayer/tikz.sty
(/nix/store/3c3fg8wd0da08xmijl45zj99h62b6rga-texlive-combined-full-2018/share/t
exmf/tex/latex/pgf/basiclayer/pgf.sty
(/nix/store/3c3fg8wd0da08xmijl45zj99h62b6rga-texlive-combined-full-2018/share/t
exmf/tex/latex/pgf/utilities/pgfrcs.sty
(/nix/store/3c3fg8wd0da08xmijl45zj99h62b6rga-texlive-combined-full-2018/share/t
exmf/tex/generic/pgf/utilities/pgfutil-common.tex
\pgfutil@everybye=\toks23
\pgfutil@tempdima=\dimen161
\pgfutil@tempdimb=\dimen162

(/nix/store/3c3fg8wd0da08xmijl45zj99h62b6rga-texlive-combined-full-2018/share/t
exmf/tex/generic/pgf/utilities/pgfutil-common-lists.tex))
(/nix/store/3c3fg8wd0da08xmijl45zj99h62b6rga-texlive-combined-full-2018/share/t
exmf/tex/generic/pgf/utilities/pgfutil-latex.def
\pgfutil@abb=\box76

(/nix/store/3c3fg8wd0da08xmijl45zj99h62b6rga-texlive-combined-full-2018/share/t
exmf/tex/latex/ms/everyshi.sty
Package: everyshi 2001/05/15 v3.00 EveryShipout Package (MS)
))
(/nix/store/3c3fg8wd0da08xmijl45zj99h62b6rga-texlive-combined-full-2018/share/t
exmf/tex/generic/pgf/utilities/pgfrcs.code.tex
(/nix/store/3c3fg8wd0da08xmijl45zj99h62b6rga-texlive-combined-full-2018/share/t
exmf/tex/generic/pgf/pgf.revision.tex)
Package: pgfrcs 2019/02/02 v3.1.1 (3.1.1)
))
Package: pgf 2019/02/02 v3.1.1 (3.1.1)

(/nix/store/3c3fg8wd0da08xmijl45zj99h62b6rga-texlive-combined-full-2018/share/t
exmf/tex/latex/pgf/basiclayer/pgfcore.sty
(/nix/store/3c3fg8wd0da08xmijl45zj99h62b6rga-texlive-combined-full-2018/share/t
exmf/tex/latex/pgf/systemlayer/pgfsys.sty
(/nix/store/3c3fg8wd0da08xmijl45zj99h62b6rga-texlive-combined-full-2018/share/t
exmf/tex/generic/pgf/systemlayer/pgfsys.code.tex
Package: pgfsys 2019/02/02 v3.1.1 (3.1.1)

(/nix/store/3c3fg8wd0da08xmijl45zj99h62b6rga-texlive-combined-full-2018/share/t
exmf/tex/generic/pgf/utilities/pgfkeys.code.tex
\pgfkeys@pathtoks=\toks24
\pgfkeys@temptoks=\toks25

(/nix/store/3c3fg8wd0da08xmijl45zj99h62b6rga-texlive-combined-full-2018/share/t
exmf/tex/generic/pgf/utilities/pgfkeysfiltered.code.tex
\pgfkeys@tmptoks=\toks26
))
\pgf@x=\dimen163
\pgf@y=\dimen164
\pgf@xa=\dimen165
\pgf@ya=\dimen166
\pgf@xb=\dimen167
\pgf@yb=\dimen168
\pgf@xc=\dimen169
\pgf@yc=\dimen170
\w@pgf@writea=\write3
\r@pgf@reada=\read2
\c@pgf@counta=\count197
\c@pgf@countb=\count198
\c@pgf@countc=\count199
\c@pgf@countd=\count266
\t@pgf@toka=\toks27
\t@pgf@tokb=\toks28
\t@pgf@tokc=\toks29
\pgf@sys@id@count=\count267

(/nix/store/3c3fg8wd0da08xmijl45zj99h62b6rga-texlive-combined-full-2018/share/t
exmf/tex/generic/pgf/systemlayer/pgf.cfg
File: pgf.cfg 2019/02/02 v3.1.1 (3.1.1)
)
Driver file for pgf: pgfsys-pdftex.def

(/nix/store/3c3fg8wd0da08xmijl45zj99h62b6rga-texlive-combined-full-2018/share/t
exmf/tex/generic/pgf/systemlayer/pgfsys-pdftex.def
File: pgfsys-pdftex.def 2019/02/02 v3.1.1 (3.1.1)

(/nix/store/3c3fg8wd0da08xmijl45zj99h62b6rga-texlive-combined-full-2018/share/t
exmf/tex/generic/pgf/systemlayer/pgfsys-common-pdf.def
File: pgfsys-common-pdf.def 2019/02/02 v3.1.1 (3.1.1)
)))
(/nix/store/3c3fg8wd0da08xmijl45zj99h62b6rga-texlive-combined-full-2018/share/t
exmf/tex/generic/pgf/systemlayer/pgfsyssoftpath.code.tex
File: pgfsyssoftpath.code.tex 2019/02/02 v3.1.1 (3.1.1)
\pgfsyssoftpath@smallbuffer@items=\count268
\pgfsyssoftpath@bigbuffer@items=\count269
)
(/nix/store/3c3fg8wd0da08xmijl45zj99h62b6rga-texlive-combined-full-2018/share/t
exmf/tex/generic/pgf/systemlayer/pgfsysprotocol.code.tex
File: pgfsysprotocol.code.tex 2019/02/02 v3.1.1 (3.1.1)
))
(/nix/store/3c3fg8wd0da08xmijl45zj99h62b6rga-texlive-combined-full-2018/share/t
exmf/tex/latex/xcolor/xcolor.sty
Package: xcolor 2016/05/11 v2.12 LaTeX color extensions (UK)

(/nix/store/3c3fg8wd0da08xmijl45zj99h62b6rga-texlive-combined-full-2018/share/t
exmf/tex/latex/graphics-cfg/color.cfg
File: color.cfg 2016/01/02 v1.6 sample color configuration
)
Package xcolor Info: Driver file: pdftex.def on input line 225.
Package xcolor Info: Model `cmy' substituted by `cmy0' on input line 1348.
Package xcolor Info: Model `hsb' substituted by `rgb' on input line 1352.
Package xcolor Info: Model `RGB' extended on input line 1364.
Package xcolor Info: Model `HTML' substituted by `rgb' on input line 1366.
Package xcolor Info: Model `Hsb' substituted by `hsb' on input line 1367.
Package xcolor Info: Model `tHsb' substituted by `hsb' on input line 1368.
Package xcolor Info: Model `HSB' substituted by `hsb' on input line 1369.
Package xcolor Info: Model `Gray' substituted by `gray' on input line 1370.
Package xcolor Info: Model `wave' substituted by `hsb' on input line 1371.
)
(/nix/store/3c3fg8wd0da08xmijl45zj99h62b6rga-texlive-combined-full-2018/share/t
exmf/tex/generic/pgf/basiclayer/pgfcore.code.tex
Package: pgfcore 2019/02/02 v3.1.1 (3.1.1)

(/nix/store/3c3fg8wd0da08xmijl45zj99h62b6rga-texlive-combined-full-2018/share/t
exmf/tex/generic/pgf/math/pgfmath.code.tex
(/nix/store/3c3fg8wd0da08xmijl45zj99h62b6rga-texlive-combined-full-2018/share/t
exmf/tex/generic/pgf/math/pgfmathcalc.code.tex
(/nix/store/3c3fg8wd0da08xmijl45zj99h62b6rga-texlive-combined-full-2018/share/t
exmf/tex/generic/pgf/math/pgfmathutil.code.tex)
(/nix/store/3c3fg8wd0da08xmijl45zj99h62b6rga-texlive-combined-full-2018/share/t
exmf/tex/generic/pgf/math/pgfmathparser.code.tex
\pgfmath@dimen=\dimen171
\pgfmath@count=\count270
\pgfmath@box=\box77
\pgfmath@toks=\toks30
\pgfmath@stack@operand=\toks31
\pgfmath@stack@operation=\toks32
)
(/nix/store/3c3fg8wd0da08xmijl45zj99h62b6rga-texlive-combined-full-2018/share/t
exmf/tex/generic/pgf/math/pgfmathfunctions.code.tex
(/nix/store/3c3fg8wd0da08xmijl45zj99h62b6rga-texlive-combined-full-2018/share/t
exmf/tex/generic/pgf/math/pgfmathfunctions.basic.code.tex)
(/nix/store/3c3fg8wd0da08xmijl45zj99h62b6rga-texlive-combined-full-2018/share/t
exmf/tex/generic/pgf/math/pgfmathfunctions.trigonometric.code.tex)
(/nix/store/3c3fg8wd0da08xmijl45zj99h62b6rga-texlive-combined-full-2018/share/t
exmf/tex/generic/pgf/math/pgfmathfunctions.random.code.tex)
(/nix/store/3c3fg8wd0da08xmijl45zj99h62b6rga-texlive-combined-full-2018/share/t
exmf/tex/generic/pgf/math/pgfmathfunctions.comparison.code.tex)
(/nix/store/3c3fg8wd0da08xmijl45zj99h62b6rga-texlive-combined-full-2018/share/t
exmf/tex/generic/pgf/math/pgfmathfunctions.base.code.tex)
(/nix/store/3c3fg8wd0da08xmijl45zj99h62b6rga-texlive-combined-full-2018/share/t
exmf/tex/generic/pgf/math/pgfmathfunctions.round.code.tex)
(/nix/store/3c3fg8wd0da08xmijl45zj99h62b6rga-texlive-combined-full-2018/share/t
exmf/tex/generic/pgf/math/pgfmathfunctions.misc.code.tex)
(/nix/store/3c3fg8wd0da08xmijl45zj99h62b6rga-texlive-combined-full-2018/share/t
exmf/tex/generic/pgf/math/pgfmathfunctions.integerarithmetics.code.tex)))
(/nix/store/3c3fg8wd0da08xmijl45zj99h62b6rga-texlive-combined-full-2018/share/t
exmf/tex/generic/pgf/math/pgfmathfloat.code.tex
\c@pgfmathroundto@lastzeros=\count271
))
(/nix/store/3c3fg8wd0da08xmijl45zj99h62b6rga-texlive-combined-full-2018/share/t
exmf/tex/generic/pgf/basiclayer/pgfcorepoints.code.tex
File: pgfcorepoints.code.tex 2019/02/02 v3.1.1 (3.1.1)
\pgf@picminx=\dimen172
\pgf@picmaxx=\dimen173
\pgf@picminy=\dimen174
\pgf@picmaxy=\dimen175
\pgf@pathminx=\dimen176
\pgf@pathmaxx=\dimen177
\pgf@pathminy=\dimen178
\pgf@pathmaxy=\dimen179
\pgf@xx=\dimen180
\pgf@xy=\dimen181
\pgf@yx=\dimen182
\pgf@yy=\dimen183
\pgf@zx=\dimen184
\pgf@zy=\dimen185
)
(/nix/store/3c3fg8wd0da08xmijl45zj99h62b6rga-texlive-combined-full-2018/share/t
exmf/tex/generic/pgf/basiclayer/pgfcorepathconstruct.code.tex
File: pgfcorepathconstruct.code.tex 2019/02/02 v3.1.1 (3.1.1)
\pgf@path@lastx=\dimen186
\pgf@path@lasty=\dimen187
)
(/nix/store/3c3fg8wd0da08xmijl45zj99h62b6rga-texlive-combined-full-2018/share/t
exmf/tex/generic/pgf/basiclayer/pgfcorepathusage.code.tex
File: pgfcorepathusage.code.tex 2019/02/02 v3.1.1 (3.1.1)
\pgf@shorten@end@additional=\dimen188
\pgf@shorten@start@additional=\dimen189
)
(/nix/store/3c3fg8wd0da08xmijl45zj99h62b6rga-texlive-combined-full-2018/share/t
exmf/tex/generic/pgf/basiclayer/pgfcorescopes.code.tex
File: pgfcorescopes.code.tex 2019/02/02 v3.1.1 (3.1.1)
\pgfpic=\box78
\pgf@hbox=\box79
\pgf@layerbox@main=\box80
\pgf@picture@serial@count=\count272
)
(/nix/store/3c3fg8wd0da08xmijl45zj99h62b6rga-texlive-combined-full-2018/share/t
exmf/tex/generic/pgf/basiclayer/pgfcoregraphicstate.code.tex
File: pgfcoregraphicstate.code.tex 2019/02/02 v3.1.1 (3.1.1)
\pgflinewidth=\dimen190
)
(/nix/store/3c3fg8wd0da08xmijl45zj99h62b6rga-texlive-combined-full-2018/share/t
exmf/tex/generic/pgf/basiclayer/pgfcoretransformations.code.tex
File: pgfcoretransformations.code.tex 2019/02/02 v3.1.1 (3.1.1)
\pgf@pt@x=\dimen191
\pgf@pt@y=\dimen192
\pgf@pt@temp=\dimen193
)
(/nix/store/3c3fg8wd0da08xmijl45zj99h62b6rga-texlive-combined-full-2018/share/t
exmf/tex/generic/pgf/basiclayer/pgfcorequick.code.tex
File: pgfcorequick.code.tex 2019/02/02 v3.1.1 (3.1.1)
)
(/nix/store/3c3fg8wd0da08xmijl45zj99h62b6rga-texlive-combined-full-2018/share/t
exmf/tex/generic/pgf/basiclayer/pgfcoreobjects.code.tex
File: pgfcoreobjects.code.tex 2019/02/02 v3.1.1 (3.1.1)
)
(/nix/store/3c3fg8wd0da08xmijl45zj99h62b6rga-texlive-combined-full-2018/share/t
exmf/tex/generic/pgf/basiclayer/pgfcorepathprocessing.code.tex
File: pgfcorepathprocessing.code.tex 2019/02/02 v3.1.1 (3.1.1)
)
(/nix/store/3c3fg8wd0da08xmijl45zj99h62b6rga-texlive-combined-full-2018/share/t
exmf/tex/generic/pgf/basiclayer/pgfcorearrows.code.tex
File: pgfcorearrows.code.tex 2019/02/02 v3.1.1 (3.1.1)
\pgfarrowsep=\dimen194
)
(/nix/store/3c3fg8wd0da08xmijl45zj99h62b6rga-texlive-combined-full-2018/share/t
exmf/tex/generic/pgf/basiclayer/pgfcoreshade.code.tex
File: pgfcoreshade.code.tex 2019/02/02 v3.1.1 (3.1.1)
\pgf@max=\dimen195
\pgf@sys@shading@range@num=\count273
)
(/nix/store/3c3fg8wd0da08xmijl45zj99h62b6rga-texlive-combined-full-2018/share/t
exmf/tex/generic/pgf/basiclayer/pgfcoreimage.code.tex
File: pgfcoreimage.code.tex 2019/02/02 v3.1.1 (3.1.1)

(/nix/store/3c3fg8wd0da08xmijl45zj99h62b6rga-texlive-combined-full-2018/share/t
exmf/tex/generic/pgf/basiclayer/pgfcoreexternal.code.tex
File: pgfcoreexternal.code.tex 2019/02/02 v3.1.1 (3.1.1)
\pgfexternal@startupbox=\box81
))
(/nix/store/3c3fg8wd0da08xmijl45zj99h62b6rga-texlive-combined-full-2018/share/t
exmf/tex/generic/pgf/basiclayer/pgfcorelayers.code.tex
File: pgfcorelayers.code.tex 2019/02/02 v3.1.1 (3.1.1)
)
(/nix/store/3c3fg8wd0da08xmijl45zj99h62b6rga-texlive-combined-full-2018/share/t
exmf/tex/generic/pgf/basiclayer/pgfcoretransparency.code.tex
File: pgfcoretransparency.code.tex 2019/02/02 v3.1.1 (3.1.1)
)
(/nix/store/3c3fg8wd0da08xmijl45zj99h62b6rga-texlive-combined-full-2018/share/t
exmf/tex/generic/pgf/basiclayer/pgfcorepatterns.code.tex
File: pgfcorepatterns.code.tex 2019/02/02 v3.1.1 (3.1.1)
)
(/nix/store/3c3fg8wd0da08xmijl45zj99h62b6rga-texlive-combined-full-2018/share/t
exmf/tex/generic/pgf/basiclayer/pgfcorerdf.code.tex
File: pgfcorerdf.code.tex 2019/02/02 v3.1.1 (3.1.1)
)))
(/nix/store/3c3fg8wd0da08xmijl45zj99h62b6rga-texlive-combined-full-2018/share/t
exmf/tex/generic/pgf/modules/pgfmoduleshapes.code.tex
File: pgfmoduleshapes.code.tex 2019/02/02 v3.1.1 (3.1.1)
\pgfnodeparttextbox=\box82
)
(/nix/store/3c3fg8wd0da08xmijl45zj99h62b6rga-texlive-combined-full-2018/share/t
exmf/tex/generic/pgf/modules/pgfmoduleplot.code.tex
File: pgfmoduleplot.code.tex 2019/02/02 v3.1.1 (3.1.1)
)
(/nix/store/3c3fg8wd0da08xmijl45zj99h62b6rga-texlive-combined-full-2018/share/t
exmf/tex/latex/pgf/compatibility/pgfcomp-version-0-65.sty
Package: pgfcomp-version-0-65 2019/02/02 v3.1.1 (3.1.1)
\pgf@nodesepstart=\dimen196
\pgf@nodesepend=\dimen197
)
(/nix/store/3c3fg8wd0da08xmijl45zj99h62b6rga-texlive-combined-full-2018/share/t
exmf/tex/latex/pgf/compatibility/pgfcomp-version-1-18.sty
Package: pgfcomp-version-1-18 2019/02/02 v3.1.1 (3.1.1)
))
(/nix/store/3c3fg8wd0da08xmijl45zj99h62b6rga-texlive-combined-full-2018/share/t
exmf/tex/latex/pgf/utilities/pgffor.sty
(/nix/store/3c3fg8wd0da08xmijl45zj99h62b6rga-texlive-combined-full-2018/share/t
exmf/tex/latex/pgf/utilities/pgfkeys.sty
(/nix/store/3c3fg8wd0da08xmijl45zj99h62b6rga-texlive-combined-full-2018/share/t
exmf/tex/generic/pgf/utilities/pgfkeys.code.tex))
(/nix/store/3c3fg8wd0da08xmijl45zj99h62b6rga-texlive-combined-full-2018/share/t
exmf/tex/latex/pgf/math/pgfmath.sty
(/nix/store/3c3fg8wd0da08xmijl45zj99h62b6rga-texlive-combined-full-2018/share/t
exmf/tex/generic/pgf/math/pgfmath.code.tex))
(/nix/store/3c3fg8wd0da08xmijl45zj99h62b6rga-texlive-combined-full-2018/share/t
exmf/tex/generic/pgf/utilities/pgffor.code.tex
Package: pgffor 2019/02/02 v3.1.1 (3.1.1)

(/nix/store/3c3fg8wd0da08xmijl45zj99h62b6rga-texlive-combined-full-2018/share/t
exmf/tex/generic/pgf/math/pgfmath.code.tex)
\pgffor@iter=\dimen198
\pgffor@skip=\dimen199
\pgffor@stack=\toks33
\pgffor@toks=\toks34
))
(/nix/store/3c3fg8wd0da08xmijl45zj99h62b6rga-texlive-combined-full-2018/share/t
exmf/tex/generic/pgf/frontendlayer/tikz/tikz.code.tex
Package: tikz 2019/02/02 v3.1.1 (3.1.1)

(/nix/store/3c3fg8wd0da08xmijl45zj99h62b6rga-texlive-combined-full-2018/share/t
exmf/tex/generic/pgf/libraries/pgflibraryplothandlers.code.tex
File: pgflibraryplothandlers.code.tex 2019/02/02 v3.1.1 (3.1.1)
\pgf@plot@mark@count=\count274
\pgfplotmarksize=\dimen256
)
\tikz@lastx=\dimen257
\tikz@lasty=\dimen258
\tikz@lastxsaved=\dimen259
\tikz@lastysaved=\dimen260
\tikzleveldistance=\dimen261
\tikzsiblingdistance=\dimen262
\tikz@figbox=\box83
\tikz@figbox@bg=\box84
\tikz@tempbox=\box85
\tikz@tempbox@bg=\box86
\tikztreelevel=\count275
\tikznumberofchildren=\count276
\tikznumberofcurrentchild=\count277
\tikz@fig@count=\count278

(/nix/store/3c3fg8wd0da08xmijl45zj99h62b6rga-texlive-combined-full-2018/share/t
exmf/tex/generic/pgf/modules/pgfmodulematrix.code.tex
File: pgfmodulematrix.code.tex 2019/02/02 v3.1.1 (3.1.1)
\pgfmatrixcurrentrow=\count279
\pgfmatrixcurrentcolumn=\count280
\pgf@matrix@numberofcolumns=\count281
)
\tikz@expandcount=\count282

(/nix/store/3c3fg8wd0da08xmijl45zj99h62b6rga-texlive-combined-full-2018/share/t
exmf/tex/generic/pgf/frontendlayer/tikz/libraries/tikzlibrarytopaths.code.tex
File: tikzlibrarytopaths.code.tex 2019/02/02 v3.1.1 (3.1.1)
)))
(/nix/store/3c3fg8wd0da08xmijl45zj99h62b6rga-texlive-combined-full-2018/share/t
exmf/tex/generic/pgf/frontendlayer/tikz/libraries/tikzlibraryshapes.code.tex
File: tikzlibraryshapes.code.tex 2019/02/02 v3.1.1 (3.1.1)

(/nix/store/3c3fg8wd0da08xmijl45zj99h62b6rga-texlive-combined-full-2018/share/t
exmf/tex/generic/pgf/frontendlayer/tikz/libraries/tikzlibraryshapes.geometric.c
ode.tex
File: tikzlibraryshapes.geometric.code.tex 2019/02/02 v3.1.1 (3.1.1)

(/nix/store/3c3fg8wd0da08xmijl45zj99h62b6rga-texlive-combined-full-2018/share/t
exmf/tex/generic/pgf/libraries/shapes/pgflibraryshapes.geometric.code.tex
File: pgflibraryshapes.geometric.code.tex 2019/02/02 v3.1.1 (3.1.1)
))
(/nix/store/3c3fg8wd0da08xmijl45zj99h62b6rga-texlive-combined-full-2018/share/t
exmf/tex/generic/pgf/frontendlayer/tikz/libraries/tikzlibraryshapes.misc.code.t
ex
File: tikzlibraryshapes.misc.code.tex 2019/02/02 v3.1.1 (3.1.1)

(/nix/store/3c3fg8wd0da08xmijl45zj99h62b6rga-texlive-combined-full-2018/share/t
exmf/tex/generic/pgf/libraries/shapes/pgflibraryshapes.misc.code.tex
File: pgflibraryshapes.misc.code.tex 2019/02/02 v3.1.1 (3.1.1)
))
(/nix/store/3c3fg8wd0da08xmijl45zj99h62b6rga-texlive-combined-full-2018/share/t
exmf/tex/generic/pgf/frontendlayer/tikz/libraries/tikzlibraryshapes.symbols.cod
e.tex
File: tikzlibraryshapes.symbols.code.tex 2019/02/02 v3.1.1 (3.1.1)

(/nix/store/3c3fg8wd0da08xmijl45zj99h62b6rga-texlive-combined-full-2018/share/t
exmf/tex/generic/pgf/libraries/shapes/pgflibraryshapes.symbols.code.tex
File: pgflibraryshapes.symbols.code.tex 2019/02/02 v3.1.1 (3.1.1)
))
(/nix/store/3c3fg8wd0da08xmijl45zj99h62b6rga-texlive-combined-full-2018/share/t
exmf/tex/generic/pgf/frontendlayer/tikz/libraries/tikzlibraryshapes.arrows.code
.tex
File: tikzlibraryshapes.arrows.code.tex 2019/02/02 v3.1.1 (3.1.1)

(/nix/store/3c3fg8wd0da08xmijl45zj99h62b6rga-texlive-combined-full-2018/share/t
exmf/tex/generic/pgf/libraries/shapes/pgflibraryshapes.arrows.code.tex
File: pgflibraryshapes.arrows.code.tex 2019/02/02 v3.1.1 (3.1.1)
))
(/nix/store/3c3fg8wd0da08xmijl45zj99h62b6rga-texlive-combined-full-2018/share/t
exmf/tex/generic/pgf/frontendlayer/tikz/libraries/tikzlibraryshapes.callouts.co
de.tex
(/nix/store/3c3fg8wd0da08xmijl45zj99h62b6rga-texlive-combined-full-2018/share/t
exmf/tex/generic/pgf/libraries/shapes/pgflibraryshapes.callouts.code.tex))
(/nix/store/3c3fg8wd0da08xmijl45zj99h62b6rga-texlive-combined-full-2018/share/t
exmf/tex/generic/pgf/frontendlayer/tikz/libraries/tikzlibraryshapes.multipart.c
ode.tex
File: tikzlibraryshapes.multipart.code.tex 2019/02/02 v3.1.1 (3.1.1)

(/nix/store/3c3fg8wd0da08xmijl45zj99h62b6rga-texlive-combined-full-2018/share/t
exmf/tex/generic/pgf/libraries/shapes/pgflibraryshapes.multipart.code.tex
File: pgflibraryshapes.multipart.code.tex 2019/02/02 v3.1.1 (3.1.1)
\pgfnodepartlowerbox=\box87
\pgfnodeparttwobox=\box88
\pgfnodepartthreebox=\box89
\pgfnodepartfourbox=\box90
\pgfnodeparttwentybox=\box91
\pgfnodepartnineteenbox=\box92
\pgfnodeparteighteenbox=\box93
\pgfnodepartseventeenbox=\box94
\pgfnodepartsixteenbox=\box95
\pgfnodepartfifteenbox=\box96
\pgfnodepartfourteenbox=\box97
\pgfnodepartthirteenbox=\box98
\pgfnodeparttwelvebox=\box99
\pgfnodepartelevenbox=\box100
\pgfnodeparttenbox=\box101
\pgfnodepartninebox=\box102
\pgfnodeparteightbox=\box103
\pgfnodepartsevenbox=\box104
\pgfnodepartsixbox=\box105
\pgfnodepartfivebox=\box106
)))
(/nix/store/3c3fg8wd0da08xmijl45zj99h62b6rga-texlive-combined-full-2018/share/t
exmf/tex/generic/pgf/frontendlayer/tikz/libraries/tikzlibrarybackgrounds.code.t
ex
File: tikzlibrarybackgrounds.code.tex 2019/02/02 v3.1.1 (3.1.1)
\pgf@layerbox@background=\box107
\pgf@layerboxsaved@background=\box108
)
(/nix/store/3c3fg8wd0da08xmijl45zj99h62b6rga-texlive-combined-full-2018/share/t
exmf/tex/generic/pgf/frontendlayer/tikz/libraries/tikzlibrarymindmap.code.tex
File: tikzlibrarymindmap.code.tex 2019/02/02 v3.1.1 (3.1.1)

(/nix/store/3c3fg8wd0da08xmijl45zj99h62b6rga-texlive-combined-full-2018/share/t
exmf/tex/generic/pgf/frontendlayer/tikz/libraries/tikzlibrarytrees.code.tex
File: tikzlibrarytrees.code.tex 2019/02/02 v3.1.1 (3.1.1)
)
(/nix/store/3c3fg8wd0da08xmijl45zj99h62b6rga-texlive-combined-full-2018/share/t
exmf/tex/generic/pgf/frontendlayer/tikz/libraries/tikzlibrarydecorations.code.t
ex
(/nix/store/3c3fg8wd0da08xmijl45zj99h62b6rga-texlive-combined-full-2018/share/t
exmf/tex/generic/pgf/modules/pgfmoduledecorations.code.tex
\pgfdecoratedcompleteddistance=\dimen263
\pgfdecoratedremainingdistance=\dimen264
\pgfdecoratedinputsegmentcompleteddistance=\dimen265
\pgfdecoratedinputsegmentremainingdistance=\dimen266
\pgf@decorate@distancetomove=\dimen267
\pgf@decorate@repeatstate=\count283
\pgfdecorationsegmentamplitude=\dimen268
\pgfdecorationsegmentlength=\dimen269
)
\tikz@lib@dec@box=\box109
))
(/nix/store/3c3fg8wd0da08xmijl45zj99h62b6rga-texlive-combined-full-2018/share/t
exmf/tex/latex/oberdiek/transparent.sty
Package: transparent 2018/11/18 v1.3 Transparency via pdfTeX's color stack (HO)


(/nix/store/3c3fg8wd0da08xmijl45zj99h62b6rga-texlive-combined-full-2018/share/t
exmf/tex/latex/oberdiek/auxhook.sty
Package: auxhook 2016/05/16 v1.4 Hooks for auxiliary files (HO)
))
(/nix/store/3c3fg8wd0da08xmijl45zj99h62b6rga-texlive-combined-full-2018/share/t
exmf/tex/latex/hyperref/hyperref.sty
Package: hyperref 2018/11/30 v6.88e Hypertext links for LaTeX

(/nix/store/3c3fg8wd0da08xmijl45zj99h62b6rga-texlive-combined-full-2018/share/t
exmf/tex/generic/oberdiek/hobsub-hyperref.sty
Package: hobsub-hyperref 2016/05/16 v1.14 Bundle oberdiek, subset hyperref (HO)


(/nix/store/3c3fg8wd0da08xmijl45zj99h62b6rga-texlive-combined-full-2018/share/t
exmf/tex/generic/oberdiek/hobsub-generic.sty
Package: hobsub-generic 2016/05/16 v1.14 Bundle oberdiek, subset generic (HO)
Package: hobsub 2016/05/16 v1.14 Construct package bundles (HO)
Package: infwarerr 2016/05/16 v1.4 Providing info/warning/error messages (HO)
Package: ltxcmds 2016/05/16 v1.23 LaTeX kernel commands for general use (HO)
Package hobsub Info: Skipping package `ifluatex' (already loaded).
Package hobsub Info: Skipping package `ifvtex' (already loaded).
Package: intcalc 2016/05/16 v1.2 Expandable calculations with integers (HO)
Package hobsub Info: Skipping package `ifpdf' (already loaded).
Package: etexcmds 2016/05/16 v1.6 Avoid name clashes with e-TeX commands (HO)
Package etexcmds Info: Could not find \expanded.
(etexcmds)             That can mean that you are not using pdfTeX 1.50 or
(etexcmds)             that some package has redefined \expanded.
(etexcmds)             In the latter case, load this package earlier.
Package: kvsetkeys 2016/05/16 v1.17 Key value parser (HO)
Package: kvdefinekeys 2016/05/16 v1.4 Define keys (HO)
Package: pdftexcmds 2018/09/10 v0.29 Utility functions of pdfTeX for LuaTeX (HO
)
Package pdftexcmds Info: LuaTeX not detected.
Package pdftexcmds Info: \pdf@primitive is available.
Package pdftexcmds Info: \pdf@ifprimitive is available.
Package pdftexcmds Info: \pdfdraftmode found.
Package: pdfescape 2016/05/16 v1.14 Implements pdfTeX's escape features (HO)
Package: bigintcalc 2016/05/16 v1.4 Expandable calculations on big integers (HO
)
Package: bitset 2016/05/16 v1.2 Handle bit-vector datatype (HO)
Package: uniquecounter 2016/05/16 v1.3 Provide unlimited unique counter (HO)
)
Package hobsub Info: Skipping package `hobsub' (already loaded).
Package: letltxmacro 2016/05/16 v1.5 Let assignment for LaTeX macros (HO)
Package: hopatch 2016/05/16 v1.3 Wrapper for package hooks (HO)
Package: xcolor-patch 2016/05/16 xcolor patch
Package: atveryend 2016/05/16 v1.9 Hooks at the very end of document (HO)
Package atveryend Info: \enddocument detected (standard20110627).
Package: atbegshi 2016/06/09 v1.18 At begin shipout hook (HO)
Package: refcount 2016/05/16 v3.5 Data extraction from label references (HO)
Package: hycolor 2016/05/16 v1.8 Color options for hyperref/bookmark (HO)
)
(/nix/store/3c3fg8wd0da08xmijl45zj99h62b6rga-texlive-combined-full-2018/share/t
exmf/tex/latex/oberdiek/kvoptions.sty
Package: kvoptions 2016/05/16 v3.12 Key value format for package options (HO)
)
\@linkdim=\dimen270
\Hy@linkcounter=\count284
\Hy@pagecounter=\count285

(/nix/store/3c3fg8wd0da08xmijl45zj99h62b6rga-texlive-combined-full-2018/share/t
exmf/tex/latex/hyperref/pd1enc.def
File: pd1enc.def 2018/11/30 v6.88e Hyperref: PDFDocEncoding definition (HO)
Now handling font encoding PD1 ...
... no UTF-8 mapping file for font encoding PD1
)
\Hy@SavedSpaceFactor=\count286

(/nix/store/3c3fg8wd0da08xmijl45zj99h62b6rga-texlive-combined-full-2018/share/t
exmf/tex/latex/latexconfig/hyperref.cfg
File: hyperref.cfg 2002/06/06 v1.2 hyperref configuration of TeXLive
)
Package hyperref Info: Hyper figures OFF on input line 4519.
Package hyperref Info: Link nesting OFF on input line 4524.
Package hyperref Info: Hyper index ON on input line 4527.
Package hyperref Info: Plain pages OFF on input line 4534.
Package hyperref Info: Backreferencing OFF on input line 4539.
Package hyperref Info: Implicit mode ON; LaTeX internals redefined.
Package hyperref Info: Bookmarks ON on input line 4772.
\c@Hy@tempcnt=\count287

(/nix/store/3c3fg8wd0da08xmijl45zj99h62b6rga-texlive-combined-full-2018/share/t
exmf/tex/latex/url/url.sty
\Urlmuskip=\muskip16
Package: url 2013/09/16  ver 3.4  Verb mode for urls, etc.
)
LaTeX Info: Redefining \url on input line 5125.
\XeTeXLinkMargin=\dimen271
\Fld@menulength=\count288
\Field@Width=\dimen272
\Fld@charsize=\dimen273
Package hyperref Info: Hyper figures OFF on input line 6380.
Package hyperref Info: Link nesting OFF on input line 6385.
Package hyperref Info: Hyper index ON on input line 6388.
Package hyperref Info: backreferencing OFF on input line 6395.
Package hyperref Info: Link coloring OFF on input line 6400.
Package hyperref Info: Link coloring with OCG OFF on input line 6405.
Package hyperref Info: PDF/A mode OFF on input line 6410.
LaTeX Info: Redefining \ref on input line 6450.
LaTeX Info: Redefining \pageref on input line 6454.
\Hy@abspage=\count289
\c@Item=\count290
\c@Hfootnote=\count291
)
Package hyperref Info: Driver (autodetected): hpdftex.

(/nix/store/3c3fg8wd0da08xmijl45zj99h62b6rga-texlive-combined-full-2018/share/t
exmf/tex/latex/hyperref/hpdftex.def
File: hpdftex.def 2018/11/30 v6.88e Hyperref driver for pdfTeX
\Fld@listcount=\count292
\c@bookmark@seq@number=\count293

(/nix/store/3c3fg8wd0da08xmijl45zj99h62b6rga-texlive-combined-full-2018/share/t
exmf/tex/latex/oberdiek/rerunfilecheck.sty
Package: rerunfilecheck 2016/05/16 v1.8 Rerun checks for auxiliary files (HO)
Package uniquecounter Info: New unique counter `rerunfilecheck' on input line 2
82.
)
\Hy@SectionHShift=\skip58
)

LaTeX Warning: Unused global option(s):
    [A4].

(./main.aux)
\openout1 = `main.aux'.

LaTeX Font Info:    Checking defaults for OML/cmm/m/it on input line 356.
LaTeX Font Info:    ... okay on input line 356.
LaTeX Font Info:    Checking defaults for T1/cmr/m/n on input line 356.
LaTeX Font Info:    ... okay on input line 356.
LaTeX Font Info:    Checking defaults for OT1/cmr/m/n on input line 356.
LaTeX Font Info:    ... okay on input line 356.
LaTeX Font Info:    Checking defaults for OMS/cmsy/m/n on input line 356.
LaTeX Font Info:    ... okay on input line 356.
LaTeX Font Info:    Checking defaults for OMX/cmex/m/n on input line 356.
LaTeX Font Info:    ... okay on input line 356.
LaTeX Font Info:    Checking defaults for U/cmr/m/n on input line 356.
LaTeX Font Info:    ... okay on input line 356.
LaTeX Font Info:    Checking defaults for TS1/cmr/m/n on input line 356.
LaTeX Font Info:    Try loading font information for TS1+cmr on input line 356.


(/nix/store/3c3fg8wd0da08xmijl45zj99h62b6rga-texlive-combined-full-2018/share/t
exmf/tex/latex/base/ts1cmr.fd
File: ts1cmr.fd 2014/09/29 v2.5h Standard LaTeX font definitions
)
LaTeX Font Info:    ... okay on input line 356.
LaTeX Font Info:    Checking defaults for PD1/pdf/m/n on input line 356.
LaTeX Font Info:    ... okay on input line 356.
LaTeX Font Info:    Try loading font information for T1+GilliusADF-LF on input 
line 356.

(/nix/store/3c3fg8wd0da08xmijl45zj99h62b6rga-texlive-combined-full-2018/share/t
exmf/tex/latex/gillius/T1GilliusADF-LF.fd
File: T1GilliusADF-LF.fd 2013/11/03 (autoinst) Font definitions for T1/GilliusA
DF-LF.
)
LaTeX Font Info:    Font shape `T1/GilliusADF-LF/m/n' will be
(Font)              scaled to size 10.0pt on input line 356.
\c@mv@tabular=\count294
\c@mv@boldtabular=\count295

*geometry* driver: auto-detecting
*geometry* detected driver: pdftex
*geometry* verbose mode - [ preamble ] result:
* driver: pdftex
* paper: a4paper
* layout: <same size as paper>
* layoutoffset:(h,v)=(0.0pt,0.0pt)
* modes: 
* h-part:(L,W,R)=(11.38092pt, 557.67421pt, 28.45274pt)
* v-part:(T,H,B)=(28.45274pt, 833.66592pt, -17.07182pt)
* \paperwidth=597.50787pt
* \paperheight=845.04684pt
* \textwidth=557.67421pt
* \textheight=833.66592pt
* \oddsidemargin=-60.88907pt
* \evensidemargin=-60.88907pt
* \topmargin=-80.81725pt
* \headheight=-5.0pt
* \headsep=25.0pt
* \topskip=10.0pt
* \footskip=30.0pt
* \marginparwidth=65.0pt
* \marginparsep=11.0pt
* \columnsep=10.0pt
* \skip\footins=9.0pt plus 4.0pt minus 2.0pt
* \hoffset=0.0pt
* \voffset=0.0pt
* \mag=1000
* \@twocolumnfalse
* \@twosidefalse
* \@mparswitchfalse
* \@reversemarginfalse
* (1in=72.27pt=25.4mm, 1cm=28.453pt)


(/nix/store/3c3fg8wd0da08xmijl45zj99h62b6rga-texlive-combined-full-2018/share/t
exmf/tex/context/base/mkii/supp-pdf.mkii
[Loading MPS to PDF converter (version 2006.09.02).]
\scratchcounter=\count296
\scratchdimen=\dimen274
\scratchbox=\box110
\nofMPsegments=\count297
\nofMParguments=\count298
\everyMPshowfont=\toks35
\MPscratchCnt=\count299
\MPscratchDim=\dimen275
\MPnumerator=\count300
\makeMPintoPDFobject=\count301
\everyMPtoPDFconversion=\toks36
)
(/nix/store/3c3fg8wd0da08xmijl45zj99h62b6rga-texlive-combined-full-2018/share/t
exmf/tex/latex/oberdiek/epstopdf-base.sty
Package: epstopdf-base 2016/05/15 v2.6 Base part for package epstopdf

(/nix/store/3c3fg8wd0da08xmijl45zj99h62b6rga-texlive-combined-full-2018/share/t
exmf/tex/latex/oberdiek/grfext.sty
Package: grfext 2016/05/16 v1.2 Manage graphics extensions (HO)
)
Package epstopdf-base Info: Redefining graphics rule for `.eps' on input line 4
38.
Package grfext Info: Graphics extension search list:
(grfext)             [.pdf,.png,.jpg,.mps,.jpeg,.jbig2,.jb2,.PDF,.PNG,.JPG,.JPE
G,.JBIG2,.JB2,.eps]
(grfext)             \AppendGraphicsExtensions on input line 456.

(/nix/store/3c3fg8wd0da08xmijl45zj99h62b6rga-texlive-combined-full-2018/share/t
exmf/tex/latex/latexconfig/epstopdf-sys.cfg
File: epstopdf-sys.cfg 2010/07/13 v1.3 Configuration of (r)epstopdf for TeX Liv
e
))
ABD: EveryShipout initializing macros
\AtBeginShipoutBox=\box111
Package hyperref Info: Link coloring OFF on input line 356.

(/nix/store/3c3fg8wd0da08xmijl45zj99h62b6rga-texlive-combined-full-2018/share/t
exmf/tex/latex/hyperref/nameref.sty
Package: nameref 2016/05/21 v2.44 Cross-referencing by name of section

(/nix/store/3c3fg8wd0da08xmijl45zj99h62b6rga-texlive-combined-full-2018/share/t
exmf/tex/generic/oberdiek/gettitlestring.sty
Package: gettitlestring 2016/05/16 v1.5 Cleanup title references (HO)
)
\c@section@level=\count302
)
LaTeX Info: Redefining \ref on input line 356.
LaTeX Info: Redefining \pageref on input line 356.
LaTeX Info: Redefining \nameref on input line 356.
 (./main.out) (./main.out)
\@outlinefile=\write4
\openout4 = `main.out'.

LaTeX Font Info:    Font shape `T1/GilliusADF-LF/m/n' will be
(Font)              scaled to size 29.86pt on input line 493.
<myfoto.jpg, id=7, 1204.5pt x 903.375pt>
File: myfoto.jpg Graphic file (type jpg)
<use myfoto.jpg>
Package pdftex.def Info: myfoto.jpg  used on input line 493.
(pdftex.def)             Requested size: 384.79655pt x 210.22917pt.
LaTeX Font Info:    External font `cmex10' loaded for size
(Font)              <7> on input line 493.
LaTeX Font Info:    External font `cmex10' loaded for size
(Font)              <5> on input line 493.
LaTeX Font Info:    Font shape `T1/GilliusADF-LF/bx/n' in size <10> not availab
le
(Font)              Font shape `T1/GilliusADF-LF/b/n' tried instead on input li
ne 493.
LaTeX Font Info:    Font shape `T1/GilliusADF-LF/b/n' will be
(Font)              scaled to size 10.0pt on input line 493.

Underfull \hbox (badness 10000) in paragraph at lines 493--493

 []


Underfull \hbox (badness 10000) in paragraph at lines 493--493

 []


Overfull \hbox (6.45656pt too wide) in alignment at lines 493--493
[][] 
 []


Overfull \hbox (204.39828pt too wide) in alignment at lines 493--493
[] 
 []


Overfull \hbox (6.45656pt too wide) in alignment at lines 493--493
[][] 
 []


Overfull \hbox (204.39828pt too wide) in alignment at lines 493--493
[] 
 []


Overfull \hbox (6.45656pt too wide) in alignment at lines 493--493
[][] 
 []


Overfull \hbox (204.39828pt too wide) in alignment at lines 493--493
[] 
 []


Overfull \hbox (6.45656pt too wide) in alignment at lines 493--493
[][] 
 []


Overfull \hbox (204.39828pt too wide) in alignment at lines 493--493
[] 
 []


Underfull \hbox (badness 10000) in paragraph at lines 493--493

 []


Overfull \hbox (6.45656pt too wide) in alignment at lines 493--493
[][] 
 []


Overfull \hbox (204.39828pt too wide) in alignment at lines 493--493
[] 
 []


Underfull \hbox (badness 10000) in paragraph at lines 493--493

 []


Overfull \hbox (6.45656pt too wide) in alignment at lines 493--493
[][] 
 []

LaTeX Font Info:    Font shape `T1/GilliusADF-LF/m/n' will be
(Font)              scaled to size 12.0pt on input line 569.
LaTeX Font Info:    Try loading font information for U+fontawesomefree1 on inpu
t line 569.

(/nix/store/3c3fg8wd0da08xmijl45zj99h62b6rga-texlive-combined-full-2018/share/t
exmf/tex/latex/fontawesome5/ufontawesomefree1.fd)
LaTeX Font Info:    Try loading font information for U+fontawesomebrands0 on in
put line 569.

(/nix/store/3c3fg8wd0da08xmijl45zj99h62b6rga-texlive-combined-full-2018/share/t
exmf/tex/latex/fontawesome5/ufontawesomebrands0.fd)
LaTeX Font Info:    Font shape `U/fontawesomebrands0/solid/n' in size <10> not 
available
(Font)              Font shape `U/fontawesomebrands0/regular/n' tried instead o
n input line 569.
LaTeX Font Info:    Try loading font information for U+fontawesomefree0 on inpu
t line 569.

(/nix/store/3c3fg8wd0da08xmijl45zj99h62b6rga-texlive-combined-full-2018/share/t
exmf/tex/latex/fontawesome5/ufontawesomefree0.fd)
LaTeX Font Info:    Try loading font information for U+fontawesomefree2 on inpu
t line 569.

(/nix/store/3c3fg8wd0da08xmijl45zj99h62b6rga-texlive-combined-full-2018/share/t
exmf/tex/latex/fontawesome5/ufontawesomefree2.fd)
LaTeX Font Info:    Try loading font information for U+fontawesomebrands1 on in
put line 569.

(/nix/store/3c3fg8wd0da08xmijl45zj99h62b6rga-texlive-combined-full-2018/share/t
exmf/tex/latex/fontawesome5/ufontawesomebrands1.fd)
LaTeX Font Info:    Font shape `U/fontawesomebrands1/solid/n' in size <10> not 
available
(Font)              Font shape `U/fontawesomebrands1/regular/n' tried instead o
n input line 569.
LaTeX Font Info:    Font shape `T1/GilliusADF-LF/m/n' will be
(Font)              scaled to size 17.28pt on input line 569.
LaTeX Font Info:    Try loading font information for U+fontawesomefree3 on inpu
t line 569.

(/nix/store/3c3fg8wd0da08xmijl45zj99h62b6rga-texlive-combined-full-2018/share/t
exmf/tex/latex/fontawesome5/ufontawesomefree3.fd)
LaTeX Font Info:    Font shape `U/fontawesomebrands0/solid/n' in size <17.28> n
ot available
(Font)              Font shape `U/fontawesomebrands0/regular/n' tried instead o
n input line 569.
<qrcode.png, id=13, 200.75pt x 200.75pt>
File: qrcode.png Graphic file (type png)
<use qrcode.png>
Package pdftex.def Info: qrcode.png  used on input line 569.
(pdftex.def)             Requested size: 58.41284pt x 58.41205pt.

Overfull \hbox (24.75583pt too wide) in paragraph at lines 493--570
[][][][][][][] 
 []


Overfull \vbox (5.0pt too high) has occurred while \output is active []

 [1

{/nix/store/3c3fg8wd0da08xmijl45zj99h62b6rga-texlive-combined-full-2018/share/t
exmf/fonts/map/pdftex/updmap/pdftex.map} <./myfoto.jpg> <./qrcode.png>]
Package atveryend Info: Empty hook `BeforeClearDocument' on input line 587.
Package atveryend Info: Empty hook `AfterLastShipout' on input line 587.
 (./main.aux)
Package atveryend Info: Executing hook `AtVeryEndDocument' on input line 587.
Package atveryend Info: Executing hook `AtEndAfterFileList' on input line 587.
Package rerunfilecheck Info: File `main.out' has not changed.
(rerunfilecheck)             Checksum: D41D8CD98F00B204E9800998ECF8427E;0.
Package atveryend Info: Empty hook `AtVeryVeryEnd' on input line 587.
 ) 
Here is how much of TeX's memory you used:
 31877 strings out of 492616
 662495 string characters out of 6106109
 709787 words of memory out of 5000000
 35354 multiletter control sequences out of 15000+600000
 546701 words of font info for 47 fonts, out of 8000000 for 9000
 1141 hyphenation exceptions out of 8191
 55i,12n,69p,436b,586s stack positions out of 5000i,500n,10000p,200000b,80000s
{/nix/store/3c3fg8wd0da08xmijl45zj99h62b6rga-texlive-combined-full-2018/share
/texmf/fonts/enc/dvips/fontawesome5/fa5free3.enc}{/nix/store/3c3fg8wd0da08xmijl
45zj99h62b6rga-texlive-combined-full-2018/share/texmf/fonts/enc/dvips/fontaweso
me5/fa5brands1.enc}{/nix/store/3c3fg8wd0da08xmijl45zj99h62b6rga-texlive-combine
d-full-2018/share/texmf/fonts/enc/dvips/fontawesome5/fa5free2.enc}{/nix/store/3
c3fg8wd0da08xmijl45zj99h62b6rga-texlive-combined-full-2018/share/texmf/fonts/en
c/dvips/fontawesome5/fa5free0.enc}{/nix/store/3c3fg8wd0da08xmijl45zj99h62b6rga-
texlive-combined-full-2018/share/texmf/fonts/enc/dvips/fontawesome5/fa5brands0.
enc}{/nix/store/3c3fg8wd0da08xmijl45zj99h62b6rga-texlive-combined-full-2018/sha
re/texmf/fonts/enc/dvips/fontawesome5/fa5free1.enc}{/nix/store/3c3fg8wd0da08xmi
jl45zj99h62b6rga-texlive-combined-full-2018/share/texmf/fonts/enc/dvips/gillius
/gls_4bsedw.enc}</nix/store/3c3fg8wd0da08xmijl45zj99h62b6rga-texlive-combined-f
ull-2018/share/texmf/fonts/type1/public/fontawesome5/FontAwesome5Brands-Regular
.pfb></nix/store/3c3fg8wd0da08xmijl45zj99h62b6rga-texlive-combined-full-2018/sh
are/texmf/fonts/type1/public/fontawesome5/FontAwesome5Free-Solid.pfb></nix/stor
e/3c3fg8wd0da08xmijl45zj99h62b6rga-texlive-combined-full-2018/share/texmf/fonts
/type1/arkandis/gillius/GilliusADF-Bold.pfb></nix/store/3c3fg8wd0da08xmijl45zj9
9h62b6rga-texlive-combined-full-2018/share/texmf/fonts/type1/arkandis/gillius/G
illiusADF-Regular.pfb>
Output written on main.pdf (1 page, 296244 bytes).
PDF statistics:
 57 PDF objects out of 1000 (max. 8388607)
 45 compressed objects within 1 object stream
 2 named destinations out of 1000 (max. 500000)
 29 words of extra memory for PDF output out of 10000 (max. 10000000)

